<?xml version="1.0" encoding="UTF-8"?>
<testsuite name="com.ysmef.compat.ysm.YsmFileCryptoGoldenTest" tests="3" skipped="3" failures="0" errors="0" timestamp="2026-08-24T02:57:44" hostname="DESKTOP-ULLPHO2" time="0.001">
  <properties/>
  <testcase name="parsesModelProperties()" classname="com.ysmef.compat.ysm.YsmFileCryptoGoldenTest" time="0.0">
    <skipped/>
  </testcase>
  <testcase name="decryptsAndParsesRealYsmPackage()" classname="com.ysmef.compat.ysm.YsmFileCryptoGoldenTest" time="0.0">
    <skipped/>
  </testcase>
  <testcase name="storedFileHashMatchesCityHash64OfPayload()" classname="com.ysmef.compat.ysm.YsmFileCryptoGoldenTest" time="0.0">
    <skipped/>
  </testcase>
  <system-out><![CDATA[]]></system-out>
  <system-err><![CDATA[]]></system-err>
</testsuite>
