<?xml version="1.0" encoding="UTF-8"?>
<testsuite name="com.ysmef.compat.golden.WineFoxPackageGoldenTest" tests="4" skipped="0" failures="0" errors="0" timestamp="2026-08-24T02:57:44" hostname="DESKTOP-ULLPHO2" time="0.304">
  <properties/>
  <testcase name="prePostKeyframeValuesMatchBedrockJson()" classname="com.ysmef.compat.golden.WineFoxPackageGoldenTest" time="0.121"/>
  <testcase name="manifestDeclaresPlayerFiles()" classname="com.ysmef.compat.golden.WineFoxPackageGoldenTest" time="0.004"/>
  <testcase name="parsesMainAnimationFile()" classname="com.ysmef.compat.golden.WineFoxPackageGoldenTest" time="0.021"/>
  <testcase name="parsesSkeletonGeometry()" classname="com.ysmef.compat.golden.WineFoxPackageGoldenTest" time="0.151"/>
  <system-out><![CDATA[]]></system-out>
  <system-err><![CDATA[]]></system-err>
</testsuite>
