<?xml version="1.0" encoding="UTF-8"?>
<testsuite name="com.ysmef.compat.ysm.YsmBinaryKeyframeGoldenTest" tests="3" skipped="0" failures="0" errors="0" timestamp="2026-08-24T02:57:44" hostname="DESKTOP-ULLPHO2" time="0.008">
  <properties/>
  <testcase name="keyframeWithPreDataParsesPreAndPostFromDiskOrder()" classname="com.ysmef.compat.ysm.YsmBinaryKeyframeGoldenTest" time="0.004"/>
  <testcase name="mixedChannelKeepsPerKeyframeOrdering()" classname="com.ysmef.compat.ysm.YsmBinaryKeyframeGoldenTest" time="0.002"/>
  <testcase name="keyframeWithoutPreDataMapsSingleTripleToPost()" classname="com.ysmef.compat.ysm.YsmBinaryKeyframeGoldenTest" time="0.0"/>
  <system-out><![CDATA[]]></system-out>
  <system-err><![CDATA[]]></system-err>
</testsuite>
